<?xml version="1.0" encoding="UTF-8"?>
<robot generator="Robot 7.0 (Python 3.12.1 on win32)" generated="2024-01-31T04:18:00.307145" rpa="false" schemaversion="5">
<suite id="s1" name="TC BuyProduct" source="C:\Users\pratik.b.dhake\PycharmProjects\RobotAssignment\TestCases\TC_BuyProduct.robot">
<test id="s1-t1" name="BuyingProduct" line="10">
<kw name="LoginTest" type="SETUP">
<msg time="2024-01-31T04:18:02.388705" level="FAIL">No keyword with name 'LoginTest' found. Did you try using keyword 'BuiltIn.Log' and forgot to use enough whitespace between keyword and arguments?</msg>
<status status="FAIL" start="2024-01-31T04:18:02.388705" elapsed="0.000000">No keyword with name 'LoginTest' found. Did you try using keyword 'BuiltIn.Log' and forgot to use enough whitespace between keyword and arguments?</status>
</kw>
<kw name="Close Browser" owner="SeleniumLibrary" type="TEARDOWN">
<doc>Closes the current browser.</doc>
<status status="PASS" start="2024-01-31T04:18:02.389809" elapsed="0.001005"/>
</kw>
<status status="FAIL" start="2024-01-31T04:18:02.384771" elapsed="0.006043">Setup failed:
No keyword with name 'LoginTest' found. Did you try using keyword 'BuiltIn.Log' and forgot to use enough whitespace between keyword and arguments?</status>
</test>
<status status="FAIL" start="2024-01-31T04:18:00.318287" elapsed="2.074983"/>
</suite>
<statistics>
<total>
<stat pass="0" fail="1" skip="0">All Tests</stat>
</total>
<tag>
</tag>
<suite>
<stat pass="0" fail="1" skip="0" id="s1" name="TC BuyProduct">TC BuyProduct</stat>
</suite>
</statistics>
<errors>
<msg time="2024-01-31T04:18:02.281997" level="ERROR">Error in file 'C:\Users\pratik.b.dhake\PycharmProjects\RobotAssignment\TestCases\TC_BuyProduct.robot' on line 3: Error in file 'C:\Users\pratik.b.dhake\PycharmProjects\RobotAssignment\Resources\login_resources.robot' on line 19: Resource file with 'Test Cases' section is invalid.</msg>
</errors>
</robot>
